\BOOKMARK [1][-]{section*.2}{\376\377\144\130\211\201}{}% 1
\BOOKMARK [1][-]{section*.3}{\376\377\000A\000b\000s\000t\000r\000a\000c\000t}{}% 2
\BOOKMARK [1][-]{section.1}{\376\377\176\352\213\272}{}% 3
\BOOKMARK [2][-]{subsection.1.1}{\376\377\137\303\164\006\155\113\213\304\166\204\141\017\116\111}{section.1}% 4
\BOOKMARK [3][-]{subsubsection.1.1.1}{\376\377\137\303\164\006\213\304\155\113\127\050\171\076\117\032\116\055\166\204\141\017\116\111}{subsection.1.1}% 5
\BOOKMARK [3][-]{subsubsection.1.1.2}{\376\377\137\303\164\006\155\113\213\304\127\050\164\006\213\272\170\024\172\166\116\055\166\204\141\017\116\111}{subsection.1.1}% 6
\BOOKMARK [3][-]{subsubsection.1.1.3}{\376\377\137\303\164\006\155\113\213\304\127\050\145\131\200\262\230\206\127\337\116\055\166\204\141\017\116\111}{subsection.1.1}% 7
\BOOKMARK [2][-]{subsection.1.2}{\376\377\126\375\121\205\131\026\137\303\164\006\213\304\155\113\163\260\162\266\122\006\147\220}{section.1}% 8
\BOOKMARK [1][-]{section.2}{\376\377\227\000\154\102\122\006\147\220}{}% 9
\BOOKMARK [2][-]{subsection.2.1}{\376\377\122\237\200\375\140\047\227\000\154\102}{section.2}% 10
\BOOKMARK [2][-]{subsection.2.2}{\376\377\227\136\122\237\200\375\140\047\227\000\154\102}{section.2}% 11
\BOOKMARK [2][-]{subsection.2.3}{\376\377\174\373\176\337\166\356\150\007}{section.2}% 12
\BOOKMARK [1][-]{section.3}{\376\377\174\373\176\337\213\276\213\241}{}% 13
\BOOKMARK [2][-]{subsection.3.1}{\376\377\227\000\154\102\213\276\213\241}{section.3}% 14
\BOOKMARK [3][-]{subsubsection.3.1.1}{\376\377\122\237\200\375\213\276\213\241}{subsection.3.1}% 15
\BOOKMARK [3][-]{subsubsection.3.1.2}{\376\377\155\101\172\013\213\276\213\241}{subsection.3.1}% 16
\BOOKMARK [2][-]{subsection.3.2}{\376\377\230\171\166\356\213\276\213\241}{section.3}% 17
\BOOKMARK [3][-]{subsubsection.3.2.1}{\376\377\122\115\172\357\230\171\166\356\147\266\147\204}{subsection.3.2}% 18
\BOOKMARK [3][-]{subsubsection.3.2.2}{\376\377\124\016\172\357\230\171\166\356\147\266\147\204}{subsection.3.2}% 19
\BOOKMARK [2][-]{subsection.3.3}{\376\377\230\171\166\356\221\315\211\201\117\235\215\126}{section.3}% 20
\BOOKMARK [3][-]{subsubsection.3.3.1}{\376\377\000R\000e\000a\000c\000t}{subsection.3.3}% 21
\BOOKMARK [3][-]{subsubsection.3.3.2}{\376\377\000F\000l\000a\000s\000k}{subsection.3.3}% 22
\BOOKMARK [3][-]{subsubsection.3.3.3}{\376\377\000T\000y\000p\000e\000s\000c\000r\000i\000p\000t\124\214\000J\000a\000v\000a\000s\000c\000r\000i\000p\000t}{subsection.3.3}% 23
\BOOKMARK [3][-]{subsubsection.3.3.4}{\376\377\122\115\172\357\147\204\136\372\135\345\121\167\040\024\040\024\000W\000e\000b\000p\000a\000c\000k}{subsection.3.3}% 24
\BOOKMARK [3][-]{subsubsection.3.3.5}{\376\377\000P\000a\000n\000d\000a\000s}{subsection.3.3}% 25
\BOOKMARK [2][-]{subsection.3.4}{\376\377\145\160\143\156\136\223\213\276\213\241}{section.3}% 26
\BOOKMARK [3][-]{subsubsection.3.4.1}{\376\377\116\000\133\371\131\032\121\163\174\373}{subsection.3.4}% 27
\BOOKMARK [3][-]{subsubsection.3.4.2}{\376\377\131\032\133\371\131\032\121\163\174\373}{subsection.3.4}% 28
\BOOKMARK [1][-]{section.4}{\376\377\174\373\176\337\177\026\170\001}{}% 29
\BOOKMARK [2][-]{subsection.4.1}{\376\377\122\115\124\016\172\357\116\244\116\222\152\041\127\213}{section.4}% 30
\BOOKMARK [3][-]{subsubsection.4.1.1}{\376\377\000R\000E\000S\000T\000f\000u\000l\000\040\000A\000P\000I}{subsection.4.1}% 31
\BOOKMARK [3][-]{subsubsection.4.1.2}{\376\377\117\177\165\050\000R\000e\000d\000u\000x\133\130\120\250\177\121\176\334\213\367\154\102\162\266\140\001}{subsection.4.1}% 32
\BOOKMARK [2][-]{subsection.4.2}{\376\377\215\046\123\367\174\373\176\337}{section.4}% 33
\BOOKMARK [3][-]{subsubsection.4.2.1}{\376\377\133\306\170\001\122\240\133\306}{subsection.4.2}% 34
\BOOKMARK [3][-]{subsubsection.4.2.2}{\376\377\220\256\173\261\232\214\213\301}{subsection.4.2}% 35
\BOOKMARK [2][-]{subsection.4.3}{\376\377\213\304\155\113\116\016\145\160\143\156\122\006\147\220}{section.4}% 36
\BOOKMARK [3][-]{subsubsection.4.3.1}{\376\377\116\012\117\040\213\325\123\167}{subsection.4.3}% 37
\BOOKMARK [3][-]{subsubsection.4.3.2}{\376\377\145\160\143\156\122\006\147\220}{subsection.4.3}% 38
\BOOKMARK [3][-]{subsubsection.4.3.3}{\376\377\213\241\173\227\153\317\116\052\225\356\230\230\147\000\131\032\126\336\173\124\166\204\173\124\150\110}{subsection.4.3}% 39
\BOOKMARK [1][-]{section.5}{\376\377\174\373\176\337\217\320\210\114}{}% 40
\BOOKMARK [2][-]{subsection.5.1}{\376\377\165\050\142\067\152\041\127\127}{section.5}% 41
\BOOKMARK [2][-]{subsection.5.2}{\376\377\173\241\164\006\116\055\137\303}{section.5}% 42
\BOOKMARK [2][-]{subsection.5.3}{\376\377\213\304\155\113\116\055\137\303}{section.5}% 43
\BOOKMARK [1][-]{section.6}{\376\377\176\323\213\272\116\016\134\125\147\033}{}% 44
\BOOKMARK [2][-]{subsection.6.1}{\376\377\174\373\176\337\133\214\142\020}{section.6}% 45
\BOOKMARK [2][-]{subsection.6.2}{\376\377\147\052\147\145\134\125\147\033}{section.6}% 46
\BOOKMARK [1][-]{section*.30}{\376\377\123\302\200\003\145\207\163\056}{}% 47
\BOOKMARK [1][-]{section*.31}{\376\377\201\364\214\042}{}% 48
